CRITICAL - 2025-06-17 07:19:16 --> ParseError: syntax error, unexpected token "else", expecting end of file
[Method: GET, Route: adduser/116]
in APPPATH\Views\adduser.php on line 34.
 1 SYSTEMPATH\View\View.php(227): CodeIgniter\View\View->CodeIgniter\View\{closure}()
 2 SYSTEMPATH\Common.php(1173): CodeIgniter\View\View->render('adduser', [], true)
 3 APPPATH\Controllers\Manageuser.php(16): view('adduser', [...])
 4 SYSTEMPATH\CodeIgniter.php(933): App\Controllers\Manageuser->index('116')
 5 SYSTEMPATH\CodeIgniter.php(507): CodeIgniter\CodeIgniter->runController(Object(App\Controllers\Manageuser))
 6 SYSTEMPATH\CodeIgniter.php(354): CodeIgniter\CodeIgniter->handleRequest(null, Object(Config\Cache), false)
 7 SYSTEMPATH\Boot.php(334): CodeIgniter\CodeIgniter->run()
 8 SYSTEMPATH\Boot.php(67): CodeIgniter\Boot::runCodeIgniter(Object(CodeIgniter\CodeIgniter))
 9 FCPATH\index.php(59): CodeIgniter\Boot::bootWeb(Object(Config\Paths))
CRITICAL - 2025-06-17 07:20:38 --> ParseError: syntax error, unexpected token ";"
[Method: GET, Route: adduser/116]
in APPPATH\Views\adduser.php on line 47.
 1 SYSTEMPATH\View\View.php(227): CodeIgniter\View\View->CodeIgniter\View\{closure}()
 2 SYSTEMPATH\Common.php(1173): CodeIgniter\View\View->render('adduser', [], true)
 3 APPPATH\Controllers\Manageuser.php(16): view('adduser', [...])
 4 SYSTEMPATH\CodeIgniter.php(933): App\Controllers\Manageuser->index('116')
 5 SYSTEMPATH\CodeIgniter.php(507): CodeIgniter\CodeIgniter->runController(Object(App\Controllers\Manageuser))
 6 SYSTEMPATH\CodeIgniter.php(354): CodeIgniter\CodeIgniter->handleRequest(null, Object(Config\Cache), false)
 7 SYSTEMPATH\Boot.php(334): CodeIgniter\CodeIgniter->run()
 8 SYSTEMPATH\Boot.php(67): CodeIgniter\Boot::runCodeIgniter(Object(CodeIgniter\CodeIgniter))
 9 FCPATH\index.php(59): CodeIgniter\Boot::bootWeb(Object(Config\Paths))
CRITICAL - 2025-06-17 07:20:51 --> ParseError: syntax error, unexpected token ";"
[Method: GET, Route: adduser/116]
in APPPATH\Views\adduser.php on line 47.
 1 SYSTEMPATH\View\View.php(227): CodeIgniter\View\View->CodeIgniter\View\{closure}()
 2 SYSTEMPATH\Common.php(1173): CodeIgniter\View\View->render('adduser', [], true)
 3 APPPATH\Controllers\Manageuser.php(16): view('adduser', [...])
 4 SYSTEMPATH\CodeIgniter.php(933): App\Controllers\Manageuser->index('116')
 5 SYSTEMPATH\CodeIgniter.php(507): CodeIgniter\CodeIgniter->runController(Object(App\Controllers\Manageuser))
 6 SYSTEMPATH\CodeIgniter.php(354): CodeIgniter\CodeIgniter->handleRequest(null, Object(Config\Cache), false)
 7 SYSTEMPATH\Boot.php(334): CodeIgniter\CodeIgniter->run()
 8 SYSTEMPATH\Boot.php(67): CodeIgniter\Boot::runCodeIgniter(Object(CodeIgniter\CodeIgniter))
 9 FCPATH\index.php(59): CodeIgniter\Boot::bootWeb(Object(Config\Paths))
CRITICAL - 2025-06-17 07:20:53 --> ParseError: syntax error, unexpected token ";"
[Method: GET, Route: adduser/116]
in APPPATH\Views\adduser.php on line 47.
 1 SYSTEMPATH\View\View.php(227): CodeIgniter\View\View->CodeIgniter\View\{closure}()
 2 SYSTEMPATH\Common.php(1173): CodeIgniter\View\View->render('adduser', [], true)
 3 APPPATH\Controllers\Manageuser.php(16): view('adduser', [...])
 4 SYSTEMPATH\CodeIgniter.php(933): App\Controllers\Manageuser->index('116')
 5 SYSTEMPATH\CodeIgniter.php(507): CodeIgniter\CodeIgniter->runController(Object(App\Controllers\Manageuser))
 6 SYSTEMPATH\CodeIgniter.php(354): CodeIgniter\CodeIgniter->handleRequest(null, Object(Config\Cache), false)
 7 SYSTEMPATH\Boot.php(334): CodeIgniter\CodeIgniter->run()
 8 SYSTEMPATH\Boot.php(67): CodeIgniter\Boot::runCodeIgniter(Object(CodeIgniter\CodeIgniter))
 9 FCPATH\index.php(59): CodeIgniter\Boot::bootWeb(Object(Config\Paths))
CRITICAL - 2025-06-17 07:20:56 --> ParseError: syntax error, unexpected token ";"
[Method: GET, Route: adduser/116]
in APPPATH\Views\adduser.php on line 47.
 1 SYSTEMPATH\View\View.php(227): CodeIgniter\View\View->CodeIgniter\View\{closure}()
 2 SYSTEMPATH\Common.php(1173): CodeIgniter\View\View->render('adduser', [], true)
 3 APPPATH\Controllers\Manageuser.php(16): view('adduser', [...])
 4 SYSTEMPATH\CodeIgniter.php(933): App\Controllers\Manageuser->index('116')
 5 SYSTEMPATH\CodeIgniter.php(507): CodeIgniter\CodeIgniter->runController(Object(App\Controllers\Manageuser))
 6 SYSTEMPATH\CodeIgniter.php(354): CodeIgniter\CodeIgniter->handleRequest(null, Object(Config\Cache), false)
 7 SYSTEMPATH\Boot.php(334): CodeIgniter\CodeIgniter->run()
 8 SYSTEMPATH\Boot.php(67): CodeIgniter\Boot::runCodeIgniter(Object(CodeIgniter\CodeIgniter))
 9 FCPATH\index.php(59): CodeIgniter\Boot::bootWeb(Object(Config\Paths))
CRITICAL - 2025-06-17 07:21:05 --> ParseError: syntax error, unexpected token ";"
[Method: GET, Route: adduser/115]
in APPPATH\Views\adduser.php on line 47.
 1 SYSTEMPATH\View\View.php(227): CodeIgniter\View\View->CodeIgniter\View\{closure}()
 2 SYSTEMPATH\Common.php(1173): CodeIgniter\View\View->render('adduser', [], true)
 3 APPPATH\Controllers\Manageuser.php(16): view('adduser', [...])
 4 SYSTEMPATH\CodeIgniter.php(933): App\Controllers\Manageuser->index('115')
 5 SYSTEMPATH\CodeIgniter.php(507): CodeIgniter\CodeIgniter->runController(Object(App\Controllers\Manageuser))
 6 SYSTEMPATH\CodeIgniter.php(354): CodeIgniter\CodeIgniter->handleRequest(null, Object(Config\Cache), false)
 7 SYSTEMPATH\Boot.php(334): CodeIgniter\CodeIgniter->run()
 8 SYSTEMPATH\Boot.php(67): CodeIgniter\Boot::runCodeIgniter(Object(CodeIgniter\CodeIgniter))
 9 FCPATH\index.php(59): CodeIgniter\Boot::bootWeb(Object(Config\Paths))
CRITICAL - 2025-06-17 07:26:17 --> ParseError: syntax error, unexpected token ";"
[Method: GET, Route: adduser/115]
in APPPATH\Views\adduser.php on line 33.
 1 SYSTEMPATH\View\View.php(227): CodeIgniter\View\View->CodeIgniter\View\{closure}()
 2 SYSTEMPATH\Common.php(1173): CodeIgniter\View\View->render('adduser', [], true)
 3 APPPATH\Controllers\Manageuser.php(16): view('adduser', [...])
 4 SYSTEMPATH\CodeIgniter.php(933): App\Controllers\Manageuser->index('115')
 5 SYSTEMPATH\CodeIgniter.php(507): CodeIgniter\CodeIgniter->runController(Object(App\Controllers\Manageuser))
 6 SYSTEMPATH\CodeIgniter.php(354): CodeIgniter\CodeIgniter->handleRequest(null, Object(Config\Cache), false)
 7 SYSTEMPATH\Boot.php(334): CodeIgniter\CodeIgniter->run()
 8 SYSTEMPATH\Boot.php(67): CodeIgniter\Boot::runCodeIgniter(Object(CodeIgniter\CodeIgniter))
 9 FCPATH\index.php(59): CodeIgniter\Boot::bootWeb(Object(Config\Paths))
CRITICAL - 2025-06-17 09:06:09 --> ErrorException: Undefined variable $roles
[Method: GET, Route: adduser]
in APPPATH\Views\adduser.php on line 42.
 1 APPPATH\Views\adduser.php(42): CodeIgniter\Debug\Exceptions->errorHandler(2, 'Undefined variable $roles', 'C:\\wamp64\\www\\kuwaitadvertising\\app\\Views\\adduser.php', 42)
 2 SYSTEMPATH\View\View.php(224): include('C:\\wamp64\\www\\kuwaitadvertising\\app\\Views\\adduser.php')
 3 SYSTEMPATH\View\View.php(227): CodeIgniter\View\View->CodeIgniter\View\{closure}()
 4 SYSTEMPATH\Common.php(1173): CodeIgniter\View\View->render('adduser', [], true)
 5 APPPATH\Controllers\Manageuser.php(15): view('adduser', [...])
 6 SYSTEMPATH\CodeIgniter.php(933): App\Controllers\Manageuser->index()
 7 SYSTEMPATH\CodeIgniter.php(507): CodeIgniter\CodeIgniter->runController(Object(App\Controllers\Manageuser))
 8 SYSTEMPATH\CodeIgniter.php(354): CodeIgniter\CodeIgniter->handleRequest(null, Object(Config\Cache), false)
 9 SYSTEMPATH\Boot.php(334): CodeIgniter\CodeIgniter->run()
10 SYSTEMPATH\Boot.php(67): CodeIgniter\Boot::runCodeIgniter(Object(CodeIgniter\CodeIgniter))
11 FCPATH\index.php(59): CodeIgniter\Boot::bootWeb(Object(Config\Paths))
CRITICAL - 2025-06-17 09:06:17 --> ErrorException: Undefined variable $roles
[Method: GET, Route: adduser]
in APPPATH\Views\adduser.php on line 42.
 1 APPPATH\Views\adduser.php(42): CodeIgniter\Debug\Exceptions->errorHandler(2, 'Undefined variable $roles', 'C:\\wamp64\\www\\kuwaitadvertising\\app\\Views\\adduser.php', 42)
 2 SYSTEMPATH\View\View.php(224): include('C:\\wamp64\\www\\kuwaitadvertising\\app\\Views\\adduser.php')
 3 SYSTEMPATH\View\View.php(227): CodeIgniter\View\View->CodeIgniter\View\{closure}()
 4 SYSTEMPATH\Common.php(1173): CodeIgniter\View\View->render('adduser', [], true)
 5 APPPATH\Controllers\Manageuser.php(15): view('adduser', [...])
 6 SYSTEMPATH\CodeIgniter.php(933): App\Controllers\Manageuser->index()
 7 SYSTEMPATH\CodeIgniter.php(507): CodeIgniter\CodeIgniter->runController(Object(App\Controllers\Manageuser))
 8 SYSTEMPATH\CodeIgniter.php(354): CodeIgniter\CodeIgniter->handleRequest(null, Object(Config\Cache), false)
 9 SYSTEMPATH\Boot.php(334): CodeIgniter\CodeIgniter->run()
10 SYSTEMPATH\Boot.php(67): CodeIgniter\Boot::runCodeIgniter(Object(CodeIgniter\CodeIgniter))
11 FCPATH\index.php(59): CodeIgniter\Boot::bootWeb(Object(Config\Paths))
